Jul 17, 2024 5:14:32 AM org.market.DataAccessLayer.DataController setMarketOnline
INFO: market updated to online at DataBase
Jul 17, 2024 5:14:32 AM org.market.DataAccessLayer.DataController Register
INFO: user entity added to DataBase
Jul 17, 2024 5:14:32 AM org.market.DataAccessLayer.DataController Register
INFO: user entity added to DataBase
Jul 17, 2024 5:14:32 AM org.market.DataAccessLayer.DataController Login
INFO: user is online at the DataBase
Jul 17, 2024 5:14:33 AM org.market.DataAccessLayer.DataController initStore
INFO: added store to db
Jul 17, 2024 5:18:10 AM org.market.DataAccessLayer.DataController setMarketOnline
INFO: market updated to online at DataBase
Jul 17, 2024 5:18:10 AM org.market.DataAccessLayer.DataController Register
INFO: user entity added to DataBase
Jul 17, 2024 5:18:10 AM org.market.DataAccessLayer.DataController Register
INFO: user entity added to DataBase
Jul 17, 2024 5:18:11 AM org.market.DataAccessLayer.DataController Login
INFO: user is online at the DataBase
Jul 17, 2024 5:18:11 AM org.market.DataAccessLayer.DataController initStore
INFO: added store to db
Jul 17, 2024 5:20:42 AM org.market.DataAccessLayer.DataController setMarketOnline
INFO: market updated to online at DataBase
Jul 17, 2024 5:20:42 AM org.market.DataAccessLayer.DataController Register
INFO: user entity added to DataBase
Jul 17, 2024 5:20:42 AM org.market.DataAccessLayer.DataController Register
INFO: user entity added to DataBase
Jul 17, 2024 5:20:43 AM org.market.DataAccessLayer.DataController Login
INFO: user is online at the DataBase
Jul 17, 2024 5:20:43 AM org.market.DataAccessLayer.DataController initStore
INFO: added store to db
Jul 17, 2024 5:21:41 AM org.market.DataAccessLayer.DataController AssignStoreOwner
INFO: user assigned as store owner at the DataBase
Jul 17, 2024 5:23:07 AM org.market.DataAccessLayer.DataController setMarketOnline
INFO: market updated to online at DataBase
Jul 17, 2024 5:23:07 AM org.market.DataAccessLayer.DataController Register
INFO: user entity added to DataBase
Jul 17, 2024 5:23:07 AM org.market.DataAccessLayer.DataController Register
INFO: user entity added to DataBase
Jul 17, 2024 5:23:07 AM org.market.DataAccessLayer.DataController initStore
INFO: added store to db
Jul 17, 2024 5:23:08 AM org.market.DataAccessLayer.DataController addCategory
INFO: added category to db
Jul 17, 2024 5:23:08 AM org.market.DataAccessLayer.DataController initProduct
INFO: added product to db
Jul 17, 2024 5:23:08 AM org.market.DataAccessLayer.DataController addProduct
INFO: added product to the store in db
Jul 17, 2024 5:23:11 AM org.market.DataAccessLayer.DataController addToCart
INFO: product added to ali's cart at the DataBase
Jul 17, 2024 5:23:11 AM org.market.DataAccessLayer.DataController cleanShoppingCart
INFO: user's shoppingCart is clean at the DataBase
Jul 17, 2024 5:23:12 AM org.market.DataAccessLayer.DataController setMarketOnline
INFO: market updated to online at DataBase
Jul 17, 2024 5:23:13 AM org.market.DataAccessLayer.DataController Register
INFO: user entity added to DataBase
Jul 17, 2024 5:23:13 AM org.market.DataAccessLayer.DataController Register
INFO: user entity added to DataBase
Jul 17, 2024 5:23:13 AM org.market.DataAccessLayer.DataController initStore
INFO: added store to db
Jul 17, 2024 5:23:13 AM org.market.DataAccessLayer.DataController addCategory
INFO: added category to db
Jul 17, 2024 5:23:13 AM org.market.DataAccessLayer.DataController initProduct
INFO: added product to db
Jul 17, 2024 5:23:13 AM org.market.DataAccessLayer.DataController addProduct
INFO: added product to the store in db
Jul 17, 2024 5:23:15 AM org.market.DataAccessLayer.DataController addToCart
INFO: product added to ali's cart at the DataBase
Jul 17, 2024 5:23:16 AM org.market.DataAccessLayer.DataController setMarketOnline
INFO: market updated to online at DataBase
Jul 17, 2024 5:23:16 AM org.market.DataAccessLayer.DataController Register
INFO: user entity added to DataBase
Jul 17, 2024 5:23:16 AM org.market.DataAccessLayer.DataController Login
INFO: user is online at the DataBase
Jul 17, 2024 5:23:16 AM org.market.DataAccessLayer.DataController addCategory
INFO: added category to db
Jul 17, 2024 5:23:16 AM org.market.DataAccessLayer.DataController initProduct
INFO: added product to db
Jul 17, 2024 5:23:16 AM org.market.DataAccessLayer.DataController initStore
INFO: added store to db
Jul 17, 2024 5:23:17 AM org.market.DataAccessLayer.DataController addProduct
INFO: added product to the store in db
Jul 17, 2024 5:23:17 AM org.market.DataAccessLayer.DataController addToCart
INFO: product added to ali's cart at the DataBase
Jul 17, 2024 5:23:18 AM org.market.DataAccessLayer.DataController setMarketOnline
INFO: market updated to online at DataBase
Jul 17, 2024 5:23:18 AM org.market.DataAccessLayer.DataController Register
INFO: user entity added to DataBase
Jul 17, 2024 5:23:19 AM org.market.DataAccessLayer.DataController setMarketOnline
INFO: market updated to online at DataBase
Jul 17, 2024 5:23:20 AM org.market.DataAccessLayer.DataController Register
INFO: user entity added to DataBase
Jul 17, 2024 5:23:20 AM org.market.DataAccessLayer.DataController Register
INFO: user entity added to DataBase
Jul 17, 2024 5:23:20 AM org.market.DataAccessLayer.DataController Login
INFO: user is online at the DataBase
Jul 17, 2024 5:23:20 AM org.market.DataAccessLayer.DataController initStore
INFO: added store to db
Jul 17, 2024 5:23:20 AM org.market.DataAccessLayer.DataController AssignStoreOwner
INFO: user assigned as store owner at the DataBase
Jul 17, 2024 5:23:21 AM org.market.DataAccessLayer.DataController setMarketOnline
INFO: market updated to online at DataBase
Jul 17, 2024 5:23:22 AM org.market.DataAccessLayer.DataController Register
INFO: user entity added to DataBase
Jul 17, 2024 5:23:22 AM org.market.DataAccessLayer.DataController Register
INFO: user entity added to DataBase
Jul 17, 2024 5:23:22 AM org.market.DataAccessLayer.DataController Login
INFO: user is online at the DataBase
Jul 17, 2024 5:23:22 AM org.market.DataAccessLayer.DataController initStore
INFO: added store to db
Jul 17, 2024 5:23:22 AM org.market.DataAccessLayer.DataController AssignStoreOwner
INFO: user assigned as store owner at the DataBase
Jul 17, 2024 5:23:22 AM org.market.DataAccessLayer.DataController EditPermissions
INFO: permission updated at the DataBase
Jul 17, 2024 5:23:23 AM org.market.DataAccessLayer.DataController setMarketOnline
INFO: market updated to online at DataBase
Jul 17, 2024 5:23:23 AM org.market.DataAccessLayer.DataController Register
INFO: user entity added to DataBase
Jul 17, 2024 5:23:24 AM org.market.DataAccessLayer.DataController Login
INFO: user is online at the DataBase
Jul 17, 2024 5:23:24 AM org.market.DataAccessLayer.DataController setMarketOnline
INFO: market updated to online at DataBase
Jul 17, 2024 5:23:24 AM org.market.DataAccessLayer.DataController Register
INFO: user entity added to DataBase
Jul 17, 2024 5:23:26 AM org.market.DataAccessLayer.DataController setMarketOnline
INFO: market updated to online at DataBase
Jul 17, 2024 5:23:26 AM org.market.DataAccessLayer.DataController Register
INFO: user entity added to DataBase
Jul 17, 2024 5:23:26 AM org.market.DataAccessLayer.DataController Register
INFO: user entity added to DataBase
Jul 17, 2024 5:23:26 AM org.market.DataAccessLayer.DataController initStore
INFO: added store to db
Jul 17, 2024 5:23:26 AM org.market.DataAccessLayer.DataController addCategory
INFO: added category to db
Jul 17, 2024 5:23:26 AM org.market.DataAccessLayer.DataController initProduct
INFO: added product to db
Jul 17, 2024 5:23:27 AM org.market.DataAccessLayer.DataController addProduct
INFO: added product to the store in db
Jul 17, 2024 5:23:28 AM org.market.DataAccessLayer.DataController addToCart
INFO: product added to ali's cart at the DataBase
Jul 17, 2024 5:23:28 AM org.market.DataAccessLayer.DataController cleanShoppingCart
INFO: user's shoppingCart is clean at the DataBase
Jul 17, 2024 5:23:29 AM org.market.DataAccessLayer.DataController Register
INFO: user entity added to DataBase
Jul 17, 2024 5:23:29 AM org.market.DataAccessLayer.DataController Register
INFO: user entity added to DataBase
Jul 17, 2024 5:23:29 AM org.market.DataAccessLayer.DataController initStore
INFO: added store to db
Jul 17, 2024 5:23:30 AM org.market.DataAccessLayer.DataController setMarketOnline
INFO: market updated to online at DataBase
Jul 17, 2024 5:23:31 AM org.market.DataAccessLayer.DataController Register
INFO: user entity added to DataBase
Jul 17, 2024 5:23:31 AM org.market.DataAccessLayer.DataController Register
INFO: user entity added to DataBase
Jul 17, 2024 5:23:31 AM org.market.DataAccessLayer.DataController initStore
INFO: added store to db
Jul 17, 2024 5:23:31 AM org.market.DataAccessLayer.DataController addCategory
INFO: added category to db
Jul 17, 2024 5:23:31 AM org.market.DataAccessLayer.DataController initProduct
INFO: added product to db
Jul 17, 2024 5:23:32 AM org.market.DataAccessLayer.DataController addProduct
INFO: added product to the store in db
Jul 17, 2024 5:23:33 AM org.market.DataAccessLayer.DataController addToCart
INFO: product added to ali's cart at the DataBase
Jul 17, 2024 5:23:33 AM org.market.DataAccessLayer.DataController cleanShoppingCart
INFO: user's shoppingCart is clean at the DataBase
Jul 17, 2024 5:23:34 AM org.market.DataAccessLayer.DataController setMarketOnline
INFO: market updated to online at DataBase
Jul 17, 2024 5:23:34 AM org.market.DataAccessLayer.DataController Register
INFO: user entity added to DataBase
Jul 17, 2024 5:23:34 AM org.market.DataAccessLayer.DataController Register
INFO: user entity added to DataBase
Jul 17, 2024 5:23:34 AM org.market.DataAccessLayer.DataController initStore
INFO: added store to db
Jul 17, 2024 5:23:35 AM org.market.DataAccessLayer.DataController addCategory
INFO: added category to db
Jul 17, 2024 5:23:35 AM org.market.DataAccessLayer.DataController initProduct
INFO: added product to db
Jul 17, 2024 5:23:35 AM org.market.DataAccessLayer.DataController addProduct
INFO: added product to the store in db
Jul 17, 2024 5:23:36 AM org.market.DataAccessLayer.DataController addToCart
INFO: product added to ali's cart at the DataBase
Jul 17, 2024 5:23:36 AM org.market.DataAccessLayer.DataController cleanShoppingCart
INFO: user's shoppingCart is clean at the DataBase
Jul 17, 2024 5:23:37 AM org.market.DataAccessLayer.DataController setMarketOnline
INFO: market updated to online at DataBase
Jul 17, 2024 5:23:37 AM org.market.DataAccessLayer.DataController Register
INFO: user entity added to DataBase
Jul 17, 2024 5:23:37 AM org.market.DataAccessLayer.DataController suspendUser
INFO: user is suspended at the DataBase
Jul 17, 2024 5:23:38 AM org.market.DataAccessLayer.DataController Register
INFO: user entity added to DataBase
Jul 17, 2024 5:23:38 AM org.market.DataAccessLayer.DataController Register
INFO: user entity added to DataBase
Jul 17, 2024 5:23:39 AM org.market.DataAccessLayer.DataController initStore
INFO: added store to db
Jul 17, 2024 5:23:39 AM org.market.DataAccessLayer.DataController AssignStoreOwner
INFO: user assigned as store owner at the DataBase
Jul 17, 2024 5:23:40 AM org.market.DataAccessLayer.DataController setMarketOnline
INFO: market updated to online at DataBase
Jul 17, 2024 5:23:40 AM org.market.DataAccessLayer.DataController Register
INFO: user entity added to DataBase
Jul 17, 2024 5:23:41 AM org.market.DataAccessLayer.DataController Register
INFO: user entity added to DataBase
Jul 17, 2024 5:23:41 AM org.market.DataAccessLayer.DataController addCategory
INFO: added category to db
Jul 17, 2024 5:23:41 AM org.market.DataAccessLayer.DataController initProduct
INFO: added product to db
Jul 17, 2024 5:23:41 AM org.market.DataAccessLayer.DataController initStore
INFO: added store to db
Jul 17, 2024 5:23:41 AM org.market.DataAccessLayer.DataController addProduct
INFO: added product to the store in db
Jul 17, 2024 5:23:42 AM org.market.DataAccessLayer.DataController addToCart
INFO: product added to ali's cart at the DataBase
Jul 17, 2024 5:23:43 AM org.market.DataAccessLayer.DataController cleanShoppingCart
INFO: user's shoppingCart is clean at the DataBase
Jul 17, 2024 5:23:44 AM org.market.DataAccessLayer.DataController setMarketOnline
INFO: market updated to online at DataBase
Jul 17, 2024 5:23:44 AM org.market.DataAccessLayer.DataController Register
INFO: user entity added to DataBase
Jul 17, 2024 5:23:44 AM org.market.DataAccessLayer.DataController Register
INFO: user entity added to DataBase
Jul 17, 2024 5:23:44 AM org.market.DataAccessLayer.DataController Register
INFO: user entity added to DataBase
Jul 17, 2024 5:23:44 AM org.market.DataAccessLayer.DataController initStore
INFO: added store to db
Jul 17, 2024 5:23:45 AM org.market.DataAccessLayer.DataController AssignStoreOwner
INFO: user assigned as store owner at the DataBase
Jul 17, 2024 5:23:45 AM org.market.DataAccessLayer.DataController AssignStoreOwner
INFO: user assigned as store owner at the DataBase
Jul 17, 2024 5:23:47 AM org.market.DataAccessLayer.DataController Register
INFO: user entity added to DataBase
Jul 17, 2024 5:23:47 AM org.market.DataAccessLayer.DataController Register
INFO: user entity added to DataBase
Jul 17, 2024 5:23:47 AM org.market.DataAccessLayer.DataController initStore
INFO: added store to db
Jul 17, 2024 5:23:47 AM org.market.DataAccessLayer.DataController AssignStoreOwner
INFO: user assigned as store owner at the DataBase
Jul 17, 2024 5:23:48 AM org.market.DataAccessLayer.DataController setMarketOnline
INFO: market updated to online at DataBase
Jul 17, 2024 5:23:48 AM org.market.DataAccessLayer.DataController Register
INFO: user entity added to DataBase
Jul 17, 2024 5:23:48 AM org.market.DataAccessLayer.DataController Register
INFO: user entity added to DataBase
Jul 17, 2024 5:23:48 AM org.market.DataAccessLayer.DataController initStore
INFO: added store to db
Jul 17, 2024 5:23:48 AM org.market.DataAccessLayer.DataController addCategory
INFO: added category to db
Jul 17, 2024 5:23:48 AM org.market.DataAccessLayer.DataController initProduct
INFO: added product to db
Jul 17, 2024 5:23:48 AM org.market.DataAccessLayer.DataController addProduct
INFO: added product to the store in db
Jul 17, 2024 5:23:48 AM org.market.DataAccessLayer.DataController addToCart
INFO: product added to ali's cart at the DataBase
Jul 17, 2024 5:23:48 AM org.market.DataAccessLayer.DataController cleanShoppingCart
INFO: user's shoppingCart is clean at the DataBase
Jul 17, 2024 5:23:49 AM org.market.DataAccessLayer.DataController setMarketOnline
INFO: market updated to online at DataBase
Jul 17, 2024 5:23:49 AM org.market.DataAccessLayer.DataController Register
INFO: user entity added to DataBase
Jul 17, 2024 5:23:49 AM org.market.DataAccessLayer.DataController Register
INFO: user entity added to DataBase
Jul 17, 2024 5:23:50 AM org.market.DataAccessLayer.DataController initStore
INFO: added store to db
Jul 17, 2024 5:23:50 AM org.market.DataAccessLayer.DataController addCategory
INFO: added category to db
Jul 17, 2024 5:23:50 AM org.market.DataAccessLayer.DataController initProduct
INFO: added product to db
Jul 17, 2024 5:23:50 AM org.market.DataAccessLayer.DataController addProduct
INFO: added product to the store in db
Jul 17, 2024 5:23:51 AM org.market.DataAccessLayer.DataController addToCart
INFO: product added to ali's cart at the DataBase
Jul 17, 2024 5:23:52 AM org.market.DataAccessLayer.DataController setMarketOnline
INFO: market updated to online at DataBase
Jul 17, 2024 5:23:52 AM org.market.DataAccessLayer.DataController Register
INFO: user entity added to DataBase
Jul 17, 2024 5:23:52 AM org.market.DataAccessLayer.DataController Register
INFO: user entity added to DataBase
Jul 17, 2024 5:23:52 AM org.market.DataAccessLayer.DataController initStore
INFO: added store to db
Jul 17, 2024 5:23:52 AM org.market.DataAccessLayer.DataController addCategory
INFO: added category to db
Jul 17, 2024 5:23:53 AM org.market.DataAccessLayer.DataController initProduct
INFO: added product to db
Jul 17, 2024 5:23:53 AM org.market.DataAccessLayer.DataController addProduct
INFO: added product to the store in db
Jul 17, 2024 5:23:54 AM org.market.DataAccessLayer.DataController addToCart
INFO: product added to ali's cart at the DataBase
Jul 17, 2024 5:23:55 AM org.market.DataAccessLayer.DataController cleanShoppingCart
INFO: user's shoppingCart is clean at the DataBase
Jul 17, 2024 5:23:56 AM org.market.DataAccessLayer.DataController setMarketOnline
INFO: market updated to online at DataBase
Jul 17, 2024 5:23:56 AM org.market.DataAccessLayer.DataController Register
INFO: user entity added to DataBase
Jul 17, 2024 5:23:56 AM org.market.DataAccessLayer.DataController Register
INFO: user entity added to DataBase
Jul 17, 2024 5:23:56 AM org.market.DataAccessLayer.DataController initStore
INFO: added store to db
Jul 17, 2024 5:23:56 AM org.market.DataAccessLayer.DataController addCategory
INFO: added category to db
Jul 17, 2024 5:23:56 AM org.market.DataAccessLayer.DataController initProduct
INFO: added product to db
Jul 17, 2024 5:23:56 AM org.market.DataAccessLayer.DataController addProduct
INFO: added product to the store in db
Jul 17, 2024 5:23:57 AM org.market.DataAccessLayer.DataController Register
INFO: user entity added to DataBase
Jul 17, 2024 5:23:57 AM org.market.DataAccessLayer.DataController initStore
INFO: added store to db
Jul 17, 2024 5:23:58 AM org.market.DataAccessLayer.DataController unassignUser
INFO: user unassigned from the DataBase
Jul 17, 2024 5:23:59 AM org.market.DataAccessLayer.DataController Register
INFO: user entity added to DataBase
Jul 17, 2024 5:24:00 AM org.market.DataAccessLayer.DataController setMarketOnline
INFO: market updated to online at DataBase
Jul 17, 2024 5:24:00 AM org.market.DataAccessLayer.DataController Register
INFO: user entity added to DataBase
Jul 17, 2024 5:24:01 AM org.market.DataAccessLayer.DataController Register
INFO: user entity added to DataBase
Jul 17, 2024 5:24:01 AM org.market.DataAccessLayer.DataController initStore
INFO: added store to db
Jul 17, 2024 5:24:01 AM org.market.DataAccessLayer.DataController addCategory
INFO: added category to db
Jul 17, 2024 5:24:01 AM org.market.DataAccessLayer.DataController initProduct
INFO: added product to db
Jul 17, 2024 5:24:01 AM org.market.DataAccessLayer.DataController addProduct
INFO: added product to the store in db
Jul 17, 2024 5:24:02 AM org.market.DataAccessLayer.DataController addToCart
INFO: product added to ali's cart at the DataBase
Jul 17, 2024 5:24:02 AM org.market.DataAccessLayer.DataController cleanShoppingCart
INFO: user's shoppingCart is clean at the DataBase
Jul 17, 2024 5:24:04 AM org.market.DataAccessLayer.DataController setMarketOnline
INFO: market updated to online at DataBase
Jul 17, 2024 5:24:05 AM org.market.DataAccessLayer.DataController Register
INFO: user entity added to DataBase
Jul 17, 2024 5:24:05 AM org.market.DataAccessLayer.DataController setMarketOnline
INFO: market updated to online at DataBase
Jul 17, 2024 5:24:06 AM org.market.DataAccessLayer.DataController Register
INFO: user entity added to DataBase
Jul 17, 2024 5:24:06 AM org.market.DataAccessLayer.DataController Register
INFO: user entity added to DataBase
Jul 17, 2024 5:24:06 AM org.market.DataAccessLayer.DataController initStore
INFO: added store to db
Jul 17, 2024 5:24:06 AM org.market.DataAccessLayer.DataController addCategory
INFO: added category to db
Jul 17, 2024 5:24:06 AM org.market.DataAccessLayer.DataController initProduct
INFO: added product to db
Jul 17, 2024 5:24:06 AM org.market.DataAccessLayer.DataController addProduct
INFO: added product to the store in db
Jul 17, 2024 5:24:07 AM org.market.DataAccessLayer.DataController addToCart
INFO: product added to ali's cart at the DataBase
Jul 17, 2024 5:24:08 AM org.market.DataAccessLayer.DataController Register
INFO: user entity added to DataBase
Jul 17, 2024 5:24:09 AM org.market.DataAccessLayer.DataController Register
INFO: user entity added to DataBase
Jul 17, 2024 5:29:53 AM org.market.DataAccessLayer.DataController Register
INFO: user entity added to DataBase
Jul 17, 2024 5:29:53 AM org.market.DataAccessLayer.DataController Register
INFO: user entity added to DataBase
Jul 17, 2024 5:29:54 AM org.market.DataAccessLayer.DataController initStore
INFO: added store to db
Jul 17, 2024 5:29:54 AM org.market.DataAccessLayer.DataController AssignStoreManager
INFO: user assigned as store manager at the DataBase
Jul 17, 2024 5:30:50 AM org.market.DataAccessLayer.DataController Register
INFO: user entity added to DataBase
Jul 17, 2024 5:30:50 AM org.market.DataAccessLayer.DataController Register
INFO: user entity added to DataBase
Jul 17, 2024 5:30:50 AM org.market.DataAccessLayer.DataController initStore
INFO: added store to db
Jul 17, 2024 5:32:00 AM org.market.DataAccessLayer.DataController AssignStoreManager
INFO: user assigned as store manager at the DataBase
Jul 17, 2024 5:43:01 AM org.market.DataAccessLayer.DataController Register
INFO: user entity added to DataBase
Jul 17, 2024 5:43:01 AM org.market.DataAccessLayer.DataController Register
INFO: user entity added to DataBase
Jul 17, 2024 5:43:01 AM org.market.DataAccessLayer.DataController initStore
INFO: added store to db
Jul 17, 2024 5:43:14 AM org.market.DataAccessLayer.DataController AssignStoreOwner
INFO: user assigned as store owner at the DataBase
Jul 17, 2024 5:45:21 AM org.market.DataAccessLayer.DataController Register
INFO: user entity added to DataBase
Jul 17, 2024 5:45:22 AM org.market.DataAccessLayer.DataController Register
INFO: user entity added to DataBase
Jul 17, 2024 5:45:22 AM org.market.DataAccessLayer.DataController initStore
INFO: added store to db
Jul 17, 2024 5:45:22 AM org.market.DataAccessLayer.DataController AssignStoreOwner
INFO: user assigned as store owner at the DataBase
Jul 17, 2024 5:49:44 AM org.market.DataAccessLayer.DataController Register
INFO: user entity added to DataBase
Jul 17, 2024 5:49:44 AM org.market.DataAccessLayer.DataController Register
INFO: user entity added to DataBase
Jul 17, 2024 5:49:44 AM org.market.DataAccessLayer.DataController initStore
INFO: added store to db
Jul 17, 2024 5:49:44 AM org.market.DataAccessLayer.DataController AssignStoreOwner
INFO: user assigned as store owner at the DataBase
Jul 17, 2024 5:52:25 AM org.market.DataAccessLayer.DataController unassignUser
INFO: user unassigned from the DataBase
Jul 17, 2024 5:56:08 AM org.market.DataAccessLayer.DataController Register
INFO: user entity added to DataBase
Jul 17, 2024 5:56:08 AM org.market.DataAccessLayer.DataController Register
INFO: user entity added to DataBase
Jul 17, 2024 5:56:08 AM org.market.DataAccessLayer.DataController initStore
INFO: added store to db
Jul 17, 2024 5:56:08 AM org.market.DataAccessLayer.DataController AssignStoreOwner
INFO: user assigned as store owner at the DataBase
Jul 17, 2024 5:58:17 AM org.market.DataAccessLayer.DataController setMarketOnline
INFO: market updated to online at DataBase
Jul 17, 2024 5:58:17 AM org.market.DataAccessLayer.DataController Register
INFO: user entity added to DataBase
Jul 17, 2024 5:58:17 AM org.market.DataAccessLayer.DataController Register
INFO: user entity added to DataBase
Jul 17, 2024 5:58:18 AM org.market.DataAccessLayer.DataController initStore
INFO: added store to db
Jul 17, 2024 5:58:18 AM org.market.DataAccessLayer.DataController addCategory
INFO: added category to db
Jul 17, 2024 5:58:18 AM org.market.DataAccessLayer.DataController initProduct
INFO: added product to db
Jul 17, 2024 5:58:18 AM org.market.DataAccessLayer.DataController addProduct
INFO: added product to the store in db
Jul 17, 2024 5:58:20 AM org.market.DataAccessLayer.DataController addToCart
INFO: product added to ali's cart at the DataBase
Jul 17, 2024 5:58:20 AM org.market.DataAccessLayer.DataController cleanShoppingCart
INFO: user's shoppingCart is clean at the DataBase
Jul 17, 2024 5:58:22 AM org.market.DataAccessLayer.DataController setMarketOnline
INFO: market updated to online at DataBase
Jul 17, 2024 5:58:22 AM org.market.DataAccessLayer.DataController Register
INFO: user entity added to DataBase
Jul 17, 2024 5:58:22 AM org.market.DataAccessLayer.DataController Register
INFO: user entity added to DataBase
Jul 17, 2024 5:58:22 AM org.market.DataAccessLayer.DataController initStore
INFO: added store to db
Jul 17, 2024 5:58:22 AM org.market.DataAccessLayer.DataController addCategory
INFO: added category to db
Jul 17, 2024 5:58:22 AM org.market.DataAccessLayer.DataController initProduct
INFO: added product to db
Jul 17, 2024 5:58:23 AM org.market.DataAccessLayer.DataController addProduct
INFO: added product to the store in db
Jul 17, 2024 5:58:24 AM org.market.DataAccessLayer.DataController addToCart
INFO: product added to ali's cart at the DataBase
Jul 17, 2024 5:58:25 AM org.market.DataAccessLayer.DataController setMarketOnline
INFO: market updated to online at DataBase
Jul 17, 2024 5:58:25 AM org.market.DataAccessLayer.DataController Register
INFO: user entity added to DataBase
Jul 17, 2024 5:58:25 AM org.market.DataAccessLayer.DataController Login
INFO: user is online at the DataBase
Jul 17, 2024 5:58:25 AM org.market.DataAccessLayer.DataController addCategory
INFO: added category to db
Jul 17, 2024 5:58:25 AM org.market.DataAccessLayer.DataController initProduct
INFO: added product to db
Jul 17, 2024 5:58:26 AM org.market.DataAccessLayer.DataController initStore
INFO: added store to db
Jul 17, 2024 5:58:26 AM org.market.DataAccessLayer.DataController addProduct
INFO: added product to the store in db
Jul 17, 2024 5:58:26 AM org.market.DataAccessLayer.DataController addToCart
INFO: product added to ali's cart at the DataBase
Jul 17, 2024 5:58:27 AM org.market.DataAccessLayer.DataController setMarketOnline
INFO: market updated to online at DataBase
Jul 17, 2024 5:58:27 AM org.market.DataAccessLayer.DataController Register
INFO: user entity added to DataBase
Jul 17, 2024 5:58:29 AM org.market.DataAccessLayer.DataController setMarketOnline
INFO: market updated to online at DataBase
Jul 17, 2024 5:58:29 AM org.market.DataAccessLayer.DataController Register
INFO: user entity added to DataBase
Jul 17, 2024 5:58:29 AM org.market.DataAccessLayer.DataController Register
INFO: user entity added to DataBase
Jul 17, 2024 5:58:29 AM org.market.DataAccessLayer.DataController Login
INFO: user is online at the DataBase
Jul 17, 2024 5:58:30 AM org.market.DataAccessLayer.DataController initStore
INFO: added store to db
Jul 17, 2024 5:58:30 AM org.market.DataAccessLayer.DataController AssignStoreOwner
INFO: user assigned as store owner at the DataBase
Jul 17, 2024 5:58:31 AM org.market.DataAccessLayer.DataController setMarketOnline
INFO: market updated to online at DataBase
Jul 17, 2024 5:58:31 AM org.market.DataAccessLayer.DataController Register
INFO: user entity added to DataBase
Jul 17, 2024 5:58:31 AM org.market.DataAccessLayer.DataController Register
INFO: user entity added to DataBase
Jul 17, 2024 5:58:31 AM org.market.DataAccessLayer.DataController Login
INFO: user is online at the DataBase
Jul 17, 2024 5:58:31 AM org.market.DataAccessLayer.DataController initStore
INFO: added store to db
Jul 17, 2024 5:58:32 AM org.market.DataAccessLayer.DataController AssignStoreOwner
INFO: user assigned as store owner at the DataBase
Jul 17, 2024 5:58:32 AM org.market.DataAccessLayer.DataController EditPermissions
INFO: permission updated at the DataBase
Jul 17, 2024 5:58:33 AM org.market.DataAccessLayer.DataController setMarketOnline
INFO: market updated to online at DataBase
Jul 17, 2024 5:58:33 AM org.market.DataAccessLayer.DataController Register
INFO: user entity added to DataBase
Jul 17, 2024 5:58:33 AM org.market.DataAccessLayer.DataController Login
INFO: user is online at the DataBase
Jul 17, 2024 5:58:34 AM org.market.DataAccessLayer.DataController setMarketOnline
INFO: market updated to online at DataBase
Jul 17, 2024 5:58:34 AM org.market.DataAccessLayer.DataController Register
INFO: user entity added to DataBase
Jul 17, 2024 5:58:35 AM org.market.DataAccessLayer.DataController setMarketOnline
INFO: market updated to online at DataBase
Jul 17, 2024 5:58:35 AM org.market.DataAccessLayer.DataController Register
INFO: user entity added to DataBase
Jul 17, 2024 5:58:36 AM org.market.DataAccessLayer.DataController Register
INFO: user entity added to DataBase
Jul 17, 2024 5:58:36 AM org.market.DataAccessLayer.DataController initStore
INFO: added store to db
Jul 17, 2024 5:58:36 AM org.market.DataAccessLayer.DataController addCategory
INFO: added category to db
Jul 17, 2024 5:58:36 AM org.market.DataAccessLayer.DataController initProduct
INFO: added product to db
Jul 17, 2024 5:58:36 AM org.market.DataAccessLayer.DataController addProduct
INFO: added product to the store in db
Jul 17, 2024 5:58:37 AM org.market.DataAccessLayer.DataController addToCart
INFO: product added to ali's cart at the DataBase
Jul 17, 2024 5:58:38 AM org.market.DataAccessLayer.DataController cleanShoppingCart
INFO: user's shoppingCart is clean at the DataBase
Jul 17, 2024 5:58:39 AM org.market.DataAccessLayer.DataController Register
INFO: user entity added to DataBase
Jul 17, 2024 5:58:39 AM org.market.DataAccessLayer.DataController Register
INFO: user entity added to DataBase
Jul 17, 2024 5:58:39 AM org.market.DataAccessLayer.DataController initStore
INFO: added store to db
Jul 17, 2024 5:58:39 AM org.market.DataAccessLayer.DataController AssignStoreManager
INFO: user assigned as store manager at the DataBase
Jul 17, 2024 5:58:40 AM org.market.DataAccessLayer.DataController setMarketOnline
INFO: market updated to online at DataBase
Jul 17, 2024 5:58:40 AM org.market.DataAccessLayer.DataController Register
INFO: user entity added to DataBase
Jul 17, 2024 5:58:41 AM org.market.DataAccessLayer.DataController Register
INFO: user entity added to DataBase
Jul 17, 2024 5:58:41 AM org.market.DataAccessLayer.DataController initStore
INFO: added store to db
Jul 17, 2024 5:58:41 AM org.market.DataAccessLayer.DataController addCategory
INFO: added category to db
Jul 17, 2024 5:58:41 AM org.market.DataAccessLayer.DataController initProduct
INFO: added product to db
Jul 17, 2024 5:58:41 AM org.market.DataAccessLayer.DataController addProduct
INFO: added product to the store in db
Jul 17, 2024 5:58:42 AM org.market.DataAccessLayer.DataController addToCart
INFO: product added to ali's cart at the DataBase
Jul 17, 2024 5:58:42 AM org.market.DataAccessLayer.DataController cleanShoppingCart
INFO: user's shoppingCart is clean at the DataBase
Jul 17, 2024 5:58:43 AM org.market.DataAccessLayer.DataController setMarketOnline
INFO: market updated to online at DataBase
Jul 17, 2024 5:58:44 AM org.market.DataAccessLayer.DataController Register
INFO: user entity added to DataBase
Jul 17, 2024 5:58:44 AM org.market.DataAccessLayer.DataController Register
INFO: user entity added to DataBase
Jul 17, 2024 5:58:44 AM org.market.DataAccessLayer.DataController initStore
INFO: added store to db
Jul 17, 2024 5:58:44 AM org.market.DataAccessLayer.DataController addCategory
INFO: added category to db
Jul 17, 2024 5:58:44 AM org.market.DataAccessLayer.DataController initProduct
INFO: added product to db
Jul 17, 2024 5:58:44 AM org.market.DataAccessLayer.DataController addProduct
INFO: added product to the store in db
Jul 17, 2024 5:58:45 AM org.market.DataAccessLayer.DataController addToCart
INFO: product added to ali's cart at the DataBase
Jul 17, 2024 5:58:46 AM org.market.DataAccessLayer.DataController cleanShoppingCart
INFO: user's shoppingCart is clean at the DataBase
Jul 17, 2024 5:58:47 AM org.market.DataAccessLayer.DataController setMarketOnline
INFO: market updated to online at DataBase
Jul 17, 2024 5:58:47 AM org.market.DataAccessLayer.DataController Register
INFO: user entity added to DataBase
Jul 17, 2024 5:58:47 AM org.market.DataAccessLayer.DataController suspendUser
INFO: user is suspended at the DataBase
Jul 17, 2024 5:58:48 AM org.market.DataAccessLayer.DataController Register
INFO: user entity added to DataBase
Jul 17, 2024 5:58:48 AM org.market.DataAccessLayer.DataController Register
INFO: user entity added to DataBase
Jul 17, 2024 5:58:48 AM org.market.DataAccessLayer.DataController initStore
INFO: added store to db
Jul 17, 2024 5:58:48 AM org.market.DataAccessLayer.DataController AssignStoreOwner
INFO: user assigned as store owner at the DataBase
Jul 17, 2024 5:58:49 AM org.market.DataAccessLayer.DataController setMarketOnline
INFO: market updated to online at DataBase
Jul 17, 2024 5:58:49 AM org.market.DataAccessLayer.DataController Register
INFO: user entity added to DataBase
Jul 17, 2024 5:58:50 AM org.market.DataAccessLayer.DataController Register
INFO: user entity added to DataBase
Jul 17, 2024 5:58:50 AM org.market.DataAccessLayer.DataController addCategory
INFO: added category to db
Jul 17, 2024 5:58:50 AM org.market.DataAccessLayer.DataController initProduct
INFO: added product to db
Jul 17, 2024 5:58:50 AM org.market.DataAccessLayer.DataController initStore
INFO: added store to db
Jul 17, 2024 5:58:50 AM org.market.DataAccessLayer.DataController addProduct
INFO: added product to the store in db
Jul 17, 2024 5:58:51 AM org.market.DataAccessLayer.DataController addToCart
INFO: product added to ali's cart at the DataBase
Jul 17, 2024 5:58:51 AM org.market.DataAccessLayer.DataController cleanShoppingCart
INFO: user's shoppingCart is clean at the DataBase
Jul 17, 2024 5:58:52 AM org.market.DataAccessLayer.DataController setMarketOnline
INFO: market updated to online at DataBase
Jul 17, 2024 5:58:52 AM org.market.DataAccessLayer.DataController Register
INFO: user entity added to DataBase
Jul 17, 2024 5:58:52 AM org.market.DataAccessLayer.DataController Register
INFO: user entity added to DataBase
Jul 17, 2024 5:58:52 AM org.market.DataAccessLayer.DataController Register
INFO: user entity added to DataBase
Jul 17, 2024 5:58:52 AM org.market.DataAccessLayer.DataController initStore
INFO: added store to db
Jul 17, 2024 5:58:53 AM org.market.DataAccessLayer.DataController AssignStoreOwner
INFO: user assigned as store owner at the DataBase
Jul 17, 2024 5:58:53 AM org.market.DataAccessLayer.DataController AssignStoreOwner
INFO: user assigned as store owner at the DataBase
Jul 17, 2024 5:58:55 AM org.market.DataAccessLayer.DataController Register
INFO: user entity added to DataBase
Jul 17, 2024 5:58:55 AM org.market.DataAccessLayer.DataController Register
INFO: user entity added to DataBase
Jul 17, 2024 5:58:56 AM org.market.DataAccessLayer.DataController initStore
INFO: added store to db
Jul 17, 2024 5:58:56 AM org.market.DataAccessLayer.DataController AssignStoreOwner
INFO: user assigned as store owner at the DataBase
Jul 17, 2024 5:58:56 AM org.market.DataAccessLayer.DataController unassignUser
INFO: user unassigned from the DataBase
Jul 17, 2024 5:58:57 AM org.market.DataAccessLayer.DataController setMarketOnline
INFO: market updated to online at DataBase
Jul 17, 2024 5:58:57 AM org.market.DataAccessLayer.DataController Register
INFO: user entity added to DataBase
Jul 17, 2024 5:58:57 AM org.market.DataAccessLayer.DataController Register
INFO: user entity added to DataBase
Jul 17, 2024 5:58:57 AM org.market.DataAccessLayer.DataController initStore
INFO: added store to db
Jul 17, 2024 5:58:57 AM org.market.DataAccessLayer.DataController addCategory
INFO: added category to db
Jul 17, 2024 5:58:57 AM org.market.DataAccessLayer.DataController initProduct
INFO: added product to db
Jul 17, 2024 5:58:57 AM org.market.DataAccessLayer.DataController addProduct
INFO: added product to the store in db
Jul 17, 2024 5:58:57 AM org.market.DataAccessLayer.DataController addToCart
INFO: product added to ali's cart at the DataBase
Jul 17, 2024 5:58:57 AM org.market.DataAccessLayer.DataController cleanShoppingCart
INFO: user's shoppingCart is clean at the DataBase
Jul 17, 2024 5:58:58 AM org.market.DataAccessLayer.DataController setMarketOnline
INFO: market updated to online at DataBase
Jul 17, 2024 5:58:58 AM org.market.DataAccessLayer.DataController Register
INFO: user entity added to DataBase
Jul 17, 2024 5:58:58 AM org.market.DataAccessLayer.DataController Register
INFO: user entity added to DataBase
Jul 17, 2024 5:58:58 AM org.market.DataAccessLayer.DataController initStore
INFO: added store to db
Jul 17, 2024 5:58:58 AM org.market.DataAccessLayer.DataController addCategory
INFO: added category to db
Jul 17, 2024 5:58:58 AM org.market.DataAccessLayer.DataController initProduct
INFO: added product to db
Jul 17, 2024 5:58:59 AM org.market.DataAccessLayer.DataController addProduct
INFO: added product to the store in db
Jul 17, 2024 5:59:00 AM org.market.DataAccessLayer.DataController addToCart
INFO: product added to ali's cart at the DataBase
Jul 17, 2024 5:59:01 AM org.market.DataAccessLayer.DataController setMarketOnline
INFO: market updated to online at DataBase
Jul 17, 2024 5:59:01 AM org.market.DataAccessLayer.DataController Register
INFO: user entity added to DataBase
Jul 17, 2024 5:59:01 AM org.market.DataAccessLayer.DataController Register
INFO: user entity added to DataBase
Jul 17, 2024 5:59:01 AM org.market.DataAccessLayer.DataController initStore
INFO: added store to db
Jul 17, 2024 5:59:01 AM org.market.DataAccessLayer.DataController addCategory
INFO: added category to db
Jul 17, 2024 5:59:01 AM org.market.DataAccessLayer.DataController initProduct
INFO: added product to db
Jul 17, 2024 5:59:02 AM org.market.DataAccessLayer.DataController addProduct
INFO: added product to the store in db
Jul 17, 2024 5:59:03 AM org.market.DataAccessLayer.DataController addToCart
INFO: product added to ali's cart at the DataBase
Jul 17, 2024 5:59:03 AM org.market.DataAccessLayer.DataController cleanShoppingCart
INFO: user's shoppingCart is clean at the DataBase
Jul 17, 2024 5:59:04 AM org.market.DataAccessLayer.DataController setMarketOnline
INFO: market updated to online at DataBase
Jul 17, 2024 5:59:05 AM org.market.DataAccessLayer.DataController Register
INFO: user entity added to DataBase
Jul 17, 2024 5:59:05 AM org.market.DataAccessLayer.DataController Register
INFO: user entity added to DataBase
Jul 17, 2024 5:59:05 AM org.market.DataAccessLayer.DataController initStore
INFO: added store to db
Jul 17, 2024 5:59:05 AM org.market.DataAccessLayer.DataController addCategory
INFO: added category to db
Jul 17, 2024 5:59:05 AM org.market.DataAccessLayer.DataController initProduct
INFO: added product to db
Jul 17, 2024 5:59:05 AM org.market.DataAccessLayer.DataController addProduct
INFO: added product to the store in db
Jul 17, 2024 5:59:06 AM org.market.DataAccessLayer.DataController Register
INFO: user entity added to DataBase
Jul 17, 2024 5:59:06 AM org.market.DataAccessLayer.DataController initStore
INFO: added store to db
Jul 17, 2024 5:59:08 AM org.market.DataAccessLayer.DataController Register
INFO: user entity added to DataBase
Jul 17, 2024 5:59:09 AM org.market.DataAccessLayer.DataController setMarketOnline
INFO: market updated to online at DataBase
Jul 17, 2024 5:59:09 AM org.market.DataAccessLayer.DataController Register
INFO: user entity added to DataBase
Jul 17, 2024 5:59:09 AM org.market.DataAccessLayer.DataController Register
INFO: user entity added to DataBase
Jul 17, 2024 5:59:10 AM org.market.DataAccessLayer.DataController initStore
INFO: added store to db
Jul 17, 2024 5:59:10 AM org.market.DataAccessLayer.DataController addCategory
INFO: added category to db
Jul 17, 2024 5:59:10 AM org.market.DataAccessLayer.DataController initProduct
INFO: added product to db
Jul 17, 2024 5:59:10 AM org.market.DataAccessLayer.DataController addProduct
INFO: added product to the store in db
Jul 17, 2024 5:59:11 AM org.market.DataAccessLayer.DataController addToCart
INFO: product added to ali's cart at the DataBase
Jul 17, 2024 5:59:11 AM org.market.DataAccessLayer.DataController cleanShoppingCart
INFO: user's shoppingCart is clean at the DataBase
Jul 17, 2024 5:59:13 AM org.market.DataAccessLayer.DataController setMarketOnline
INFO: market updated to online at DataBase
Jul 17, 2024 5:59:13 AM org.market.DataAccessLayer.DataController Register
INFO: user entity added to DataBase
Jul 17, 2024 5:59:14 AM org.market.DataAccessLayer.DataController setMarketOnline
INFO: market updated to online at DataBase
Jul 17, 2024 5:59:14 AM org.market.DataAccessLayer.DataController Register
INFO: user entity added to DataBase
Jul 17, 2024 5:59:14 AM org.market.DataAccessLayer.DataController Register
INFO: user entity added to DataBase
Jul 17, 2024 5:59:15 AM org.market.DataAccessLayer.DataController initStore
INFO: added store to db
Jul 17, 2024 5:59:15 AM org.market.DataAccessLayer.DataController addCategory
INFO: added category to db
Jul 17, 2024 5:59:15 AM org.market.DataAccessLayer.DataController initProduct
INFO: added product to db
Jul 17, 2024 5:59:15 AM org.market.DataAccessLayer.DataController addProduct
INFO: added product to the store in db
Jul 17, 2024 5:59:15 AM org.market.DataAccessLayer.DataController addToCart
INFO: product added to ali's cart at the DataBase
Jul 17, 2024 5:59:17 AM org.market.DataAccessLayer.DataController Register
INFO: user entity added to DataBase
Jul 17, 2024 5:59:18 AM org.market.DataAccessLayer.DataController Register
INFO: user entity added to DataBase
Jul 17, 2024 6:07:42 AM org.market.DataAccessLayer.DataController Register
INFO: user entity added to DataBase
Jul 17, 2024 6:07:42 AM org.market.DataAccessLayer.DataController initStore
INFO: added store to db
