Jul 18, 2024 4:33:26 AM org.market.DomainLayer.backend.Market setMarketOnline
INFO: market is Online
Jul 18, 2024 4:33:27 AM org.market.DomainLayer.backend.Market initStore
INFO: userName: ali, Description: d
Jul 18, 2024 4:33:27 AM org.market.DomainLayer.backend.Market addCatagory
INFO: storeId: 0, category: meat, username: admin
Jul 18, 2024 4:33:27 AM org.market.DomainLayer.backend.Market addCatagory
INFO: category added successfully
Jul 18, 2024 4:33:27 AM org.market.DomainLayer.backend.Market initProduct
INFO: username: admin,productName : steak, categoryId: 0, description: d, brand: b
Jul 18, 2024 4:37:19 AM org.market.DomainLayer.backend.Market setMarketOnline
INFO: market is Online
Jul 18, 2024 4:37:20 AM org.market.DomainLayer.backend.Market initStore
INFO: userName: admin, Description: d
Jul 18, 2024 5:30:49 AM org.market.DomainLayer.backend.Market setMarketOnline
INFO: market is Online
Jul 18, 2024 5:31:02 AM org.market.DomainLayer.backend.Market initStore
INFO: userName: u2, Description: groceries
Jul 18, 2024 5:31:09 AM org.market.DomainLayer.backend.Market addCatagory
INFO: storeId: 0, category: snacks, username: u2
Jul 18, 2024 5:31:09 AM org.market.DomainLayer.backend.Market addCatagory
SEVERE: u2 is not system manager
